Determining if the pthread_create exist failed with the following output:
Change Dir: /home/xps/cpp/tbre-Perception-lidar/build/CMakeFiles/CMakeTmp

Run Build Command:"/usr/bin/make" "cmTC_73f20/fast"
make[1]: Entering directory '/home/xps/cpp/tbre-Perception-lidar/build/CMakeFiles/CMakeTmp'
/usr/bin/make -f CMakeFiles/cmTC_73f20.dir/build.make CMakeFiles/cmTC_73f20.dir/build
make[2]: Entering directory '/home/xps/cpp/tbre-Perception-lidar/build/CMakeFiles/CMakeTmp'
Building C object CMakeFiles/cmTC_73f20.dir/CheckSymbolExists.c.o
/usr/bin/cc    -o CMakeFiles/cmTC_73f20.dir/CheckSymbolExists.c.o   -c /home/xps/cpp/tbre-Perception-lidar/build/CMakeFiles/CMakeTmp/CheckSymbolExists.c
Linking C executable cmTC_73f20
/usr/bin/cmake -E cmake_link_script CMakeFiles/cmTC_73f20.dir/link.txt --verbose=1
/usr/bin/cc       -rdynamic CMakeFiles/cmTC_73f20.dir/CheckSymbolExists.c.o  -o cmTC_73f20 
CMakeFiles/cmTC_73f20.dir/CheckSymbolExists.c.o: In function `main':
CheckSymbolExists.c:(.text+0x1b): undefined reference to `pthread_create'
collect2: error: ld returned 1 exit status
CMakeFiles/cmTC_73f20.dir/build.make:97: recipe for target 'cmTC_73f20' failed
make[2]: *** [cmTC_73f20] Error 1
make[2]: Leaving directory '/home/xps/cpp/tbre-Perception-lidar/build/CMakeFiles/CMakeTmp'
Makefile:126: recipe for target 'cmTC_73f20/fast' failed
make[1]: *** [cmTC_73f20/fast] Error 2
make[1]: Leaving directory '/home/xps/cpp/tbre-Perception-lidar/build/CMakeFiles/CMakeTmp'

File /home/xps/cpp/tbre-Perception-lidar/build/CMakeFiles/CMakeTmp/CheckSymbolExists.c:
/* */
#include <pthread.h>

int main(int argc, char** argv)
{
  (void)argv;
#ifndef pthread_create
  return ((int*)(&pthread_create))[argc];
#else
  (void)argc;
  return 0;
#endif
}

Determining if the function pthread_create exists in the pthreads failed with the following output:
Change Dir: /home/xps/cpp/tbre-Perception-lidar/build/CMakeFiles/CMakeTmp

Run Build Command:"/usr/bin/make" "cmTC_451df/fast"
make[1]: Entering directory '/home/xps/cpp/tbre-Perception-lidar/build/CMakeFiles/CMakeTmp'
/usr/bin/make -f CMakeFiles/cmTC_451df.dir/build.make CMakeFiles/cmTC_451df.dir/build
make[2]: Entering directory '/home/xps/cpp/tbre-Perception-lidar/build/CMakeFiles/CMakeTmp'
Building C object CMakeFiles/cmTC_451df.dir/CheckFunctionExists.c.o
/usr/bin/cc   -DCHECK_FUNCTION_EXISTS=pthread_create   -o CMakeFiles/cmTC_451df.dir/CheckFunctionExists.c.o   -c /usr/share/cmake-3.10/Modules/CheckFunctionExists.c
Linking C executable cmTC_451df
/usr/bin/cmake -E cmake_link_script CMakeFiles/cmTC_451df.dir/link.txt --verbose=1
/usr/bin/cc   -DCHECK_FUNCTION_EXISTS=pthread_create    -rdynamic CMakeFiles/cmTC_451df.dir/CheckFunctionExists.c.o  -o cmTC_451df -lpthreads 
/usr/bin/ld: cannot find -lpthreads
collect2: error: ld returned 1 exit status
CMakeFiles/cmTC_451df.dir/build.make:97: recipe for target 'cmTC_451df' failed
make[2]: *** [cmTC_451df] Error 1
make[2]: Leaving directory '/home/xps/cpp/tbre-Perception-lidar/build/CMakeFiles/CMakeTmp'
Makefile:126: recipe for target 'cmTC_451df/fast' failed
make[1]: *** [cmTC_451df/fast] Error 2
make[1]: Leaving directory '/home/xps/cpp/tbre-Perception-lidar/build/CMakeFiles/CMakeTmp'


Determining if the pthread_create exist failed with the following output:
Change Dir: /home/xps/Perception_CleanUP/tbre-Perception-lidar/build/CMakeFiles/CMakeTmp

Run Build Command:"/usr/bin/make" "cmTC_e7826/fast"
/usr/bin/make -f CMakeFiles/cmTC_e7826.dir/build.make CMakeFiles/cmTC_e7826.dir/build
make[1]: Entering directory '/home/xps/Perception_CleanUP/tbre-Perception-lidar/build/CMakeFiles/CMakeTmp'
Building C object CMakeFiles/cmTC_e7826.dir/CheckSymbolExists.c.o
/usr/bin/cc    -o CMakeFiles/cmTC_e7826.dir/CheckSymbolExists.c.o   -c /home/xps/Perception_CleanUP/tbre-Perception-lidar/build/CMakeFiles/CMakeTmp/CheckSymbolExists.c
Linking C executable cmTC_e7826
/usr/bin/cmake -E cmake_link_script CMakeFiles/cmTC_e7826.dir/link.txt --verbose=1
/usr/bin/cc       -rdynamic CMakeFiles/cmTC_e7826.dir/CheckSymbolExists.c.o  -o cmTC_e7826 
CMakeFiles/cmTC_e7826.dir/CheckSymbolExists.c.o: In function `main':
CheckSymbolExists.c:(.text+0x1b): undefined reference to `pthread_create'
collect2: error: ld returned 1 exit status
CMakeFiles/cmTC_e7826.dir/build.make:97: recipe for target 'cmTC_e7826' failed
make[1]: *** [cmTC_e7826] Error 1
make[1]: Leaving directory '/home/xps/Perception_CleanUP/tbre-Perception-lidar/build/CMakeFiles/CMakeTmp'
Makefile:126: recipe for target 'cmTC_e7826/fast' failed
make: *** [cmTC_e7826/fast] Error 2

File /home/xps/Perception_CleanUP/tbre-Perception-lidar/build/CMakeFiles/CMakeTmp/CheckSymbolExists.c:
/* */
#include <pthread.h>

int main(int argc, char** argv)
{
  (void)argv;
#ifndef pthread_create
  return ((int*)(&pthread_create))[argc];
#else
  (void)argc;
  return 0;
#endif
}

Determining if the function pthread_create exists in the pthreads failed with the following output:
Change Dir: /home/xps/Perception_CleanUP/tbre-Perception-lidar/build/CMakeFiles/CMakeTmp

Run Build Command:"/usr/bin/make" "cmTC_ad1f0/fast"
/usr/bin/make -f CMakeFiles/cmTC_ad1f0.dir/build.make CMakeFiles/cmTC_ad1f0.dir/build
make[1]: Entering directory '/home/xps/Perception_CleanUP/tbre-Perception-lidar/build/CMakeFiles/CMakeTmp'
Building C object CMakeFiles/cmTC_ad1f0.dir/CheckFunctionExists.c.o
/usr/bin/cc   -DCHECK_FUNCTION_EXISTS=pthread_create   -o CMakeFiles/cmTC_ad1f0.dir/CheckFunctionExists.c.o   -c /usr/share/cmake-3.10/Modules/CheckFunctionExists.c
Linking C executable cmTC_ad1f0
/usr/bin/cmake -E cmake_link_script CMakeFiles/cmTC_ad1f0.dir/link.txt --verbose=1
/usr/bin/cc   -DCHECK_FUNCTION_EXISTS=pthread_create    -rdynamic CMakeFiles/cmTC_ad1f0.dir/CheckFunctionExists.c.o  -o cmTC_ad1f0 -lpthreads 
/usr/bin/ld: cannot find -lpthreads
collect2: error: ld returned 1 exit status
CMakeFiles/cmTC_ad1f0.dir/build.make:97: recipe for target 'cmTC_ad1f0' failed
make[1]: *** [cmTC_ad1f0] Error 1
make[1]: Leaving directory '/home/xps/Perception_CleanUP/tbre-Perception-lidar/build/CMakeFiles/CMakeTmp'
Makefile:126: recipe for target 'cmTC_ad1f0/fast' failed
make: *** [cmTC_ad1f0/fast] Error 2


Determining if the pthread_create exist failed with the following output:
Change Dir: /home/xps/Perception_CleanUP/tbre-Perception-lidar/build/CMakeFiles/CMakeTmp

Run Build Command:"/usr/bin/make" "cmTC_32910/fast"
/usr/bin/make -f CMakeFiles/cmTC_32910.dir/build.make CMakeFiles/cmTC_32910.dir/build
make[1]: Entering directory '/home/xps/Perception_CleanUP/tbre-Perception-lidar/build/CMakeFiles/CMakeTmp'
Building C object CMakeFiles/cmTC_32910.dir/CheckSymbolExists.c.o
/usr/bin/cc    -o CMakeFiles/cmTC_32910.dir/CheckSymbolExists.c.o   -c /home/xps/Perception_CleanUP/tbre-Perception-lidar/build/CMakeFiles/CMakeTmp/CheckSymbolExists.c
Linking C executable cmTC_32910
/usr/bin/cmake -E cmake_link_script CMakeFiles/cmTC_32910.dir/link.txt --verbose=1
/usr/bin/cc       -rdynamic CMakeFiles/cmTC_32910.dir/CheckSymbolExists.c.o  -o cmTC_32910 
CMakeFiles/cmTC_32910.dir/CheckSymbolExists.c.o: In function `main':
CheckSymbolExists.c:(.text+0x1b): undefined reference to `pthread_create'
collect2: error: ld returned 1 exit status
CMakeFiles/cmTC_32910.dir/build.make:97: recipe for target 'cmTC_32910' failed
make[1]: *** [cmTC_32910] Error 1
make[1]: Leaving directory '/home/xps/Perception_CleanUP/tbre-Perception-lidar/build/CMakeFiles/CMakeTmp'
Makefile:126: recipe for target 'cmTC_32910/fast' failed
make: *** [cmTC_32910/fast] Error 2

File /home/xps/Perception_CleanUP/tbre-Perception-lidar/build/CMakeFiles/CMakeTmp/CheckSymbolExists.c:
/* */
#include <pthread.h>

int main(int argc, char** argv)
{
  (void)argv;
#ifndef pthread_create
  return ((int*)(&pthread_create))[argc];
#else
  (void)argc;
  return 0;
#endif
}

Determining if the function pthread_create exists in the pthreads failed with the following output:
Change Dir: /home/xps/Perception_CleanUP/tbre-Perception-lidar/build/CMakeFiles/CMakeTmp

Run Build Command:"/usr/bin/make" "cmTC_ad4ce/fast"
/usr/bin/make -f CMakeFiles/cmTC_ad4ce.dir/build.make CMakeFiles/cmTC_ad4ce.dir/build
make[1]: Entering directory '/home/xps/Perception_CleanUP/tbre-Perception-lidar/build/CMakeFiles/CMakeTmp'
Building C object CMakeFiles/cmTC_ad4ce.dir/CheckFunctionExists.c.o
/usr/bin/cc   -DCHECK_FUNCTION_EXISTS=pthread_create   -o CMakeFiles/cmTC_ad4ce.dir/CheckFunctionExists.c.o   -c /usr/share/cmake-3.10/Modules/CheckFunctionExists.c
Linking C executable cmTC_ad4ce
/usr/bin/cmake -E cmake_link_script CMakeFiles/cmTC_ad4ce.dir/link.txt --verbose=1
/usr/bin/cc   -DCHECK_FUNCTION_EXISTS=pthread_create    -rdynamic CMakeFiles/cmTC_ad4ce.dir/CheckFunctionExists.c.o  -o cmTC_ad4ce -lpthreads 
/usr/bin/ld: cannot find -lpthreads
collect2: error: ld returned 1 exit status
CMakeFiles/cmTC_ad4ce.dir/build.make:97: recipe for target 'cmTC_ad4ce' failed
make[1]: *** [cmTC_ad4ce] Error 1
make[1]: Leaving directory '/home/xps/Perception_CleanUP/tbre-Perception-lidar/build/CMakeFiles/CMakeTmp'
Makefile:126: recipe for target 'cmTC_ad4ce/fast' failed
make: *** [cmTC_ad4ce/fast] Error 2


Determining if the pthread_create exist failed with the following output:
Change Dir: /home/xps/Desktop/he-j-code-2019-20/Perception/lidar/build/CMakeFiles/CMakeTmp

Run Build Command:"/usr/bin/make" "cmTC_813ac/fast"
/usr/bin/make -f CMakeFiles/cmTC_813ac.dir/build.make CMakeFiles/cmTC_813ac.dir/build
make[1]: Entering directory '/home/xps/Desktop/he-j-code-2019-20/Perception/lidar/build/CMakeFiles/CMakeTmp'
Building C object CMakeFiles/cmTC_813ac.dir/CheckSymbolExists.c.o
/usr/bin/cc    -o CMakeFiles/cmTC_813ac.dir/CheckSymbolExists.c.o   -c /home/xps/Desktop/he-j-code-2019-20/Perception/lidar/build/CMakeFiles/CMakeTmp/CheckSymbolExists.c
Linking C executable cmTC_813ac
/usr/bin/cmake -E cmake_link_script CMakeFiles/cmTC_813ac.dir/link.txt --verbose=1
/usr/bin/cc       -rdynamic CMakeFiles/cmTC_813ac.dir/CheckSymbolExists.c.o  -o cmTC_813ac 
CMakeFiles/cmTC_813ac.dir/CheckSymbolExists.c.o: In function `main':
CheckSymbolExists.c:(.text+0x1b): undefined reference to `pthread_create'
collect2: error: ld returned 1 exit status
CMakeFiles/cmTC_813ac.dir/build.make:97: recipe for target 'cmTC_813ac' failed
make[1]: *** [cmTC_813ac] Error 1
make[1]: Leaving directory '/home/xps/Desktop/he-j-code-2019-20/Perception/lidar/build/CMakeFiles/CMakeTmp'
Makefile:126: recipe for target 'cmTC_813ac/fast' failed
make: *** [cmTC_813ac/fast] Error 2

File /home/xps/Desktop/he-j-code-2019-20/Perception/lidar/build/CMakeFiles/CMakeTmp/CheckSymbolExists.c:
/* */
#include <pthread.h>

int main(int argc, char** argv)
{
  (void)argv;
#ifndef pthread_create
  return ((int*)(&pthread_create))[argc];
#else
  (void)argc;
  return 0;
#endif
}

Determining if the function pthread_create exists in the pthreads failed with the following output:
Change Dir: /home/xps/Desktop/he-j-code-2019-20/Perception/lidar/build/CMakeFiles/CMakeTmp

Run Build Command:"/usr/bin/make" "cmTC_d4448/fast"
/usr/bin/make -f CMakeFiles/cmTC_d4448.dir/build.make CMakeFiles/cmTC_d4448.dir/build
make[1]: Entering directory '/home/xps/Desktop/he-j-code-2019-20/Perception/lidar/build/CMakeFiles/CMakeTmp'
Building C object CMakeFiles/cmTC_d4448.dir/CheckFunctionExists.c.o
/usr/bin/cc   -DCHECK_FUNCTION_EXISTS=pthread_create   -o CMakeFiles/cmTC_d4448.dir/CheckFunctionExists.c.o   -c /usr/share/cmake-3.10/Modules/CheckFunctionExists.c
Linking C executable cmTC_d4448
/usr/bin/cmake -E cmake_link_script CMakeFiles/cmTC_d4448.dir/link.txt --verbose=1
/usr/bin/cc   -DCHECK_FUNCTION_EXISTS=pthread_create    -rdynamic CMakeFiles/cmTC_d4448.dir/CheckFunctionExists.c.o  -o cmTC_d4448 -lpthreads 
/usr/bin/ld: cannot find -lpthreads
collect2: error: ld returned 1 exit status
CMakeFiles/cmTC_d4448.dir/build.make:97: recipe for target 'cmTC_d4448' failed
make[1]: *** [cmTC_d4448] Error 1
make[1]: Leaving directory '/home/xps/Desktop/he-j-code-2019-20/Perception/lidar/build/CMakeFiles/CMakeTmp'
Makefile:126: recipe for target 'cmTC_d4448/fast' failed
make: *** [cmTC_d4448/fast] Error 2


